<?xml version="1.0" encoding="UTF-8" standalone="no"?>
<!DOCTYPE log SYSTEM "logger.dtd">
<log>
<record>
  <date>2018-11-22T14:04:18.066-0300</date>
  <logger>RAFAELA DE AMORIM BARBOSA SILVA</logger>
  <level>FINE</level>
  <message>File 117210299-RAFAELA DE AMORIM BARBOSA SILVA.zip was received. It was sent by RAFAELA DE AMORIM BARBOSA SILVA from IP 150.165.42.200</message>
</record>
</log>
<?xml version="1.0" encoding="UTF-8" standalone="no"?>
<!DOCTYPE log SYSTEM "logger.dtd">
<log>
<record>
  <date>2018-11-23T15:50:29.688-0300</date>
  <logger>RAFAELA DE AMORIM BARBOSA SILVA</logger>
  <level>FINE</level>
  <message>File 117210299-RAFAELA DE AMORIM BARBOSA SILVA.zip was received. It was sent by RAFAELA DE AMORIM BARBOSA SILVA from IP 192.168.1.11</message>
</record>
</log>
<?xml version="1.0" encoding="UTF-8" standalone="no"?>
<!DOCTYPE log SYSTEM "logger.dtd">
<log>
<record>
  <date>2018-11-23T17:23:47.608-0300</date>
  <logger>RAFAELA DE AMORIM BARBOSA SILVA</logger>
  <level>FINE</level>
  <message>File 117210299-RAFAELA DE AMORIM BARBOSA SILVA.zip was received. It was sent by RAFAELA DE AMORIM BARBOSA SILVA from IP 192.168.1.11</message>
</record>
